<?xml version="1.0" encoding="UTF-8"?>
<coverage generated="1659394883298" clover="3.2.0">
  <project timestamp="1659394883298" name="All files">
    <metrics statements="85" coveredstatements="60" conditionals="20" coveredconditionals="10" methods="42" coveredmethods="22" elements="147" coveredelements="92" complexity="0" loc="85" ncloc="85" packages="3" files="12" classes="12"/>
    <package name="src">
      <metrics statements="1" coveredstatements="1" conditionals="0" coveredconditionals="0" methods="1" coveredmethods="1"/>
      <file name="math.js" path="/Users/franklinvelasquezfuentes/Documents/ReactNative/redux-starter/src/math.js">
        <metrics statements="1" coveredstatements="1" conditionals="0" coveredconditionals="0" methods="1" coveredmethods="1"/>
        <line num="1" count="2" type="stmt"/>
      </file>
    </package>
    <package name="src.using-reduxtoolkit">
      <metrics statements="55" coveredstatements="38" conditionals="8" coveredconditionals="2" methods="28" coveredmethods="15"/>
      <file name="api.js" path="/Users/franklinvelasquezfuentes/Documents/ReactNative/redux-starter/src/using-reduxtoolkit/api.js">
        <metrics statements="3" coveredstatements="3" conditionals="0" coveredconditionals="0" methods="0" coveredmethods="0"/>
        <line num="3" count="1" type="stmt"/>
        <line num="4" count="1" type="stmt"/>
        <line num="5" count="1" type="stmt"/>
      </file>
      <file name="bugs.js" path="/Users/franklinvelasquezfuentes/Documents/ReactNative/redux-starter/src/using-reduxtoolkit/bugs.js">
        <metrics statements="37" coveredstatements="27" conditionals="6" coveredconditionals="2" methods="23" coveredmethods="14"/>
        <line num="11" count="1" type="stmt"/>
        <line num="22" count="3" type="stmt"/>
        <line num="27" count="1" type="stmt"/>
        <line num="28" count="1" type="stmt"/>
        <line num="31" count="0" type="stmt"/>
        <line num="32" count="0" type="cond" truecount="0" falsecount="2"/>
        <line num="33" count="0" type="stmt"/>
        <line num="37" count="0" type="stmt"/>
        <line num="38" count="0" type="cond" truecount="0" falsecount="2"/>
        <line num="39" count="0" type="stmt"/>
        <line num="44" count="4" type="stmt"/>
        <line num="45" count="4" type="stmt"/>
        <line num="46" count="4" type="stmt"/>
        <line num="49" count="5" type="stmt"/>
        <line num="52" count="1" type="stmt"/>
        <line num="65" count="1" type="stmt"/>
        <line num="71" count="1" type="stmt"/>
        <line num="72" count="6" type="stmt"/>
        <line num="74" count="6" type="stmt"/>
        <line num="75" count="6" type="stmt"/>
        <line num="76" count="6" type="cond" truecount="2" falsecount="0"/>
        <line num="77" count="1" type="stmt"/>
        <line num="79" count="5" type="stmt"/>
        <line num="89" count="1" type="stmt"/>
        <line num="90" count="5" type="stmt"/>
        <line num="97" count="1" type="stmt"/>
        <line num="98" count="2" type="stmt"/>
        <line num="105" count="1" type="stmt"/>
        <line num="106" count="0" type="stmt"/>
        <line num="120" count="1" type="stmt"/>
        <line num="121" count="1" type="stmt"/>
        <line num="122" count="1" type="stmt"/>
        <line num="123" count="3" type="stmt"/>
        <line num="128" count="1" type="stmt"/>
        <line num="129" count="0" type="stmt"/>
        <line num="130" count="0" type="stmt"/>
        <line num="131" count="0" type="stmt"/>
      </file>
      <file name="configureStore.js" path="/Users/franklinvelasquezfuentes/Documents/ReactNative/redux-starter/src/using-reduxtoolkit/configureStore.js">
        <metrics statements="2" coveredstatements="2" conditionals="0" coveredconditionals="0" methods="1" coveredmethods="1"/>
        <line num="15" count="10" type="stmt"/>
        <line num="25" count="10" type="stmt"/>
      </file>
      <file name="entities.js" path="/Users/franklinvelasquezfuentes/Documents/ReactNative/redux-starter/src/using-reduxtoolkit/entities.js">
        <metrics statements="0" coveredstatements="0" conditionals="0" coveredconditionals="0" methods="0" coveredmethods="0"/>
      </file>
      <file name="projects.js" path="/Users/franklinvelasquezfuentes/Documents/ReactNative/redux-starter/src/using-reduxtoolkit/projects.js">
        <metrics statements="8" coveredstatements="3" conditionals="2" coveredconditionals="0" methods="3" coveredmethods="0"/>
        <line num="3" count="1" type="stmt"/>
        <line num="5" count="1" type="stmt"/>
        <line num="10" count="0" type="stmt"/>
        <line num="16" count="0" type="stmt"/>
        <line num="17" count="0" type="stmt"/>
        <line num="19" count="0" type="cond" truecount="0" falsecount="2"/>
        <line num="20" count="0" type="stmt"/>
        <line num="26" count="1" type="stmt"/>
      </file>
      <file name="reducer.js" path="/Users/franklinvelasquezfuentes/Documents/ReactNative/redux-starter/src/using-reduxtoolkit/reducer.js">
        <metrics statements="0" coveredstatements="0" conditionals="0" coveredconditionals="0" methods="0" coveredmethods="0"/>
      </file>
      <file name="users.js" path="/Users/franklinvelasquezfuentes/Documents/ReactNative/redux-starter/src/using-reduxtoolkit/users.js">
        <metrics statements="5" coveredstatements="3" conditionals="0" coveredconditionals="0" methods="1" coveredmethods="0"/>
        <line num="3" count="1" type="stmt"/>
        <line num="5" count="1" type="stmt"/>
        <line num="10" count="0" type="stmt"/>
        <line num="11" count="0" type="stmt"/>
        <line num="19" count="1" type="stmt"/>
      </file>
    </package>
    <package name="src.using-reduxtoolkit.middleware">
      <metrics statements="29" coveredstatements="21" conditionals="12" coveredconditionals="8" methods="13" coveredmethods="6"/>
      <file name="api.js" path="/Users/franklinvelasquezfuentes/Documents/ReactNative/redux-starter/src/using-reduxtoolkit/middleware/api.js">
        <metrics statements="16" coveredstatements="16" conditionals="8" coveredconditionals="7" methods="3" coveredmethods="3"/>
        <line num="19" count="1" type="stmt"/>
        <line num="20" count="10" type="stmt"/>
        <line num="21" count="10" type="stmt"/>
        <line num="22" count="36" type="cond" truecount="2" falsecount="0"/>
        <line num="25" count="11" type="stmt"/>
        <line num="27" count="11" type="cond" truecount="2" falsecount="0"/>
        <line num="28" count="5" type="stmt"/>
        <line num="31" count="11" type="stmt"/>
        <line num="33" count="11" type="stmt"/>
        <line num="34" count="11" type="stmt"/>
        <line num="41" count="8" type="stmt"/>
        <line num="43" count="8" type="cond" truecount="1" falsecount="1"/>
        <line num="44" count="8" type="stmt"/>
        <line num="48" count="3" type="stmt"/>
        <line num="50" count="3" type="cond" truecount="2" falsecount="0"/>
        <line num="51" count="1" type="stmt"/>
      </file>
      <file name="errorToast.js" path="/Users/franklinvelasquezfuentes/Documents/ReactNative/redux-starter/src/using-reduxtoolkit/middleware/errorToast.js">
        <metrics statements="4" coveredstatements="3" conditionals="2" coveredconditionals="1" methods="3" coveredmethods="3"/>
        <line num="3" count="10" type="stmt"/>
        <line num="4" count="36" type="cond" truecount="1" falsecount="1"/>
        <line num="5" count="0" type="stmt"/>
        <line num="7" count="36" type="stmt"/>
      </file>
      <file name="func.js" path="/Users/franklinvelasquezfuentes/Documents/ReactNative/redux-starter/src/using-reduxtoolkit/middleware/func.js">
        <metrics statements="6" coveredstatements="1" conditionals="2" coveredconditionals="0" methods="3" coveredmethods="0"/>
        <line num="7" count="1" type="stmt"/>
        <line num="8" count="0" type="stmt"/>
        <line num="9" count="0" type="stmt"/>
        <line num="10" count="0" type="cond" truecount="0" falsecount="2"/>
        <line num="11" count="0" type="stmt"/>
        <line num="13" count="0" type="stmt"/>
      </file>
      <file name="logger.js" path="/Users/franklinvelasquezfuentes/Documents/ReactNative/redux-starter/src/using-reduxtoolkit/middleware/logger.js">
        <metrics statements="3" coveredstatements="1" conditionals="0" coveredconditionals="0" methods="4" coveredmethods="0"/>
        <line num="4" count="1" type="stmt"/>
        <line num="5" count="0" type="stmt"/>
        <line num="6" count="0" type="stmt"/>
      </file>
    </package>
  </project>
</coverage>
