{"/Users/franklinvelasquezfuentes/Documents/ReactNative/redux-starter/src/math.js": {"path":"/Users/franklinvelasquezfuentes/Documents/ReactNative/redux-starter/src/math.js","statementMap":{"0":{"start":{"line":1,"column":22},"end":{"line":1,"column":50}},"1":{"start":{"line":1,"column":34},"end":{"line":1,"column":50}}},"fnMap":{"0":{"name":"(anonymous_0)","decl":{"start":{"line":1,"column":22},"end":{"line":1,"column":23}},"loc":{"start":{"line":1,"column":34},"end":{"line":1,"column":50}},"line":1}},"branchMap":{},"s":{"0":1,"1":2},"f":{"0":2},"b":{},"_coverageSchema":"1a1c01bbd47fc00a2c39e90264f33305004495a9","hash":"8ea3c3f46cf18400bd735f6af8c6921ecf631614"}
,"/Users/franklinvelasquezfuentes/Documents/ReactNative/redux-starter/src/using-reduxtoolkit/api.js": {"path":"/Users/franklinvelasquezfuentes/Documents/ReactNative/redux-starter/src/using-reduxtoolkit/api.js","statementMap":{"0":{"start":{"line":3,"column":28},"end":{"line":3,"column":57}},"1":{"start":{"line":4,"column":30},"end":{"line":4,"column":61}},"2":{"start":{"line":5,"column":29},"end":{"line":5,"column":59}}},"fnMap":{},"branchMap":{},"s":{"0":1,"1":1,"2":1},"f":{},"b":{},"_coverageSchema":"1a1c01bbd47fc00a2c39e90264f33305004495a9","hash":"83cc2e411dc40b86a5da17451855c18a8a9d4c07"}
,"/Users/franklinvelasquezfuentes/Documents/ReactNative/redux-starter/src/using-reduxtoolkit/bugs.js": {"path":"/Users/franklinvelasquezfuentes/Documents/ReactNative/redux-starter/src/using-reduxtoolkit/bugs.js","statementMap":{"0":{"start":{"line":11,"column":14},"end":{"line":55,"column":2}},"1":{"start":{"line":22,"column":6},"end":{"line":22,"column":37}},"2":{"start":{"line":27,"column":20},"end":{"line":27,"column":78}},"3":{"start":{"line":27,"column":49},"end":{"line":27,"column":77}},"4":{"start":{"line":28,"column":6},"end":{"line":28,"column":39}},"5":{"start":{"line":31,"column":20},"end":{"line":31,"column":78}},"6":{"start":{"line":31,"column":49},"end":{"line":31,"column":77}},"7":{"start":{"line":32,"column":6},"end":{"line":34,"column":7}},"8":{"start":{"line":33,"column":8},"end":{"line":33,"column":35}},"9":{"start":{"line":37,"column":20},"end":{"line":37,"column":78}},"10":{"start":{"line":37,"column":49},"end":{"line":37,"column":77}},"11":{"start":{"line":38,"column":6},"end":{"line":40,"column":7}},"12":{"start":{"line":39,"column":8},"end":{"line":39,"column":56}},"13":{"start":{"line":44,"column":6},"end":{"line":44,"column":33}},"14":{"start":{"line":45,"column":6},"end":{"line":45,"column":27}},"15":{"start":{"line":46,"column":6},"end":{"line":46,"column":34}},"16":{"start":{"line":49,"column":6},"end":{"line":49,"column":26}},"17":{"start":{"line":52,"column":6},"end":{"line":52,"column":27}},"18":{"start":{"line":65,"column":4},"end":{"line":65,"column":17}},"19":{"start":{"line":71,"column":12},"end":{"line":71,"column":19}},"20":{"start":{"line":72,"column":24},"end":{"line":87,"column":1}},"21":{"start":{"line":72,"column":30},"end":{"line":87,"column":1}},"22":{"start":{"line":74,"column":24},"end":{"line":74,"column":48}},"23":{"start":{"line":75,"column":24},"end":{"line":75,"column":67}},"24":{"start":{"line":76,"column":2},"end":{"line":78,"column":3}},"25":{"start":{"line":77,"column":4},"end":{"line":77,"column":11}},"26":{"start":{"line":79,"column":2},"end":{"line":86,"column":4}},"27":{"start":{"line":89,"column":22},"end":{"line":95,"column":4}},"28":{"start":{"line":90,"column":2},"end":{"line":95,"column":4}},"29":{"start":{"line":97,"column":26},"end":{"line":103,"column":4}},"30":{"start":{"line":98,"column":2},"end":{"line":103,"column":4}},"31":{"start":{"line":105,"column":25},"end":{"line":111,"column":4}},"32":{"start":{"line":106,"column":2},"end":{"line":111,"column":4}},"33":{"start":{"line":120,"column":36},"end":{"line":126,"column":1}},"34":{"start":{"line":121,"column":13},"end":{"line":121,"column":32}},"35":{"start":{"line":122,"column":13},"end":{"line":122,"column":36}},"36":{"start":{"line":123,"column":22},"end":{"line":123,"column":62}},"37":{"start":{"line":123,"column":48},"end":{"line":123,"column":61}},"38":{"start":{"line":128,"column":31},"end":{"line":132,"column":3}},"39":{"start":{"line":129,"column":2},"end":{"line":132,"column":3}},"40":{"start":{"line":130,"column":15},"end":{"line":130,"column":34}},"41":{"start":{"line":131,"column":14},"end":{"line":131,"column":62}},"42":{"start":{"line":131,"column":40},"end":{"line":131,"column":61}}},"fnMap":{"0":{"name":"(anonymous_0)","decl":{"start":{"line":20,"column":14},"end":{"line":20,"column":15}},"loc":{"start":{"line":20,"column":32},"end":{"line":23,"column":5}},"line":20},"1":{"name":"(anonymous_1)","decl":{"start":{"line":25,"column":17},"end":{"line":25,"column":18}},"loc":{"start":{"line":25,"column":35},"end":{"line":29,"column":5}},"line":25},"2":{"name":"(anonymous_2)","decl":{"start":{"line":27,"column":40},"end":{"line":27,"column":41}},"loc":{"start":{"line":27,"column":49},"end":{"line":27,"column":77}},"line":27},"3":{"name":"(anonymous_3)","decl":{"start":{"line":30,"column":16},"end":{"line":30,"column":17}},"loc":{"start":{"line":30,"column":34},"end":{"line":35,"column":5}},"line":30},"4":{"name":"(anonymous_4)","decl":{"start":{"line":31,"column":40},"end":{"line":31,"column":41}},"loc":{"start":{"line":31,"column":49},"end":{"line":31,"column":77}},"line":31},"5":{"name":"(anonymous_5)","decl":{"start":{"line":36,"column":21},"end":{"line":36,"column":22}},"loc":{"start":{"line":36,"column":39},"end":{"line":41,"column":5}},"line":36},"6":{"name":"(anonymous_6)","decl":{"start":{"line":37,"column":40},"end":{"line":37,"column":41}},"loc":{"start":{"line":37,"column":49},"end":{"line":37,"column":77}},"line":37},"7":{"name":"(anonymous_7)","decl":{"start":{"line":43,"column":18},"end":{"line":43,"column":19}},"loc":{"start":{"line":43,"column":36},"end":{"line":47,"column":5}},"line":43},"8":{"name":"(anonymous_8)","decl":{"start":{"line":48,"column":19},"end":{"line":48,"column":20}},"loc":{"start":{"line":48,"column":37},"end":{"line":50,"column":5}},"line":48},"9":{"name":"(anonymous_9)","decl":{"start":{"line":51,"column":23},"end":{"line":51,"column":24}},"loc":{"start":{"line":51,"column":41},"end":{"line":53,"column":5}},"line":51},"10":{"name":"(anonymous_10)","decl":{"start":{"line":72,"column":24},"end":{"line":72,"column":25}},"loc":{"start":{"line":72,"column":30},"end":{"line":87,"column":1}},"line":72},"11":{"name":"(anonymous_11)","decl":{"start":{"line":72,"column":30},"end":{"line":72,"column":31}},"loc":{"start":{"line":72,"column":54},"end":{"line":87,"column":1}},"line":72},"12":{"name":"(anonymous_12)","decl":{"start":{"line":89,"column":22},"end":{"line":89,"column":23}},"loc":{"start":{"line":90,"column":2},"end":{"line":95,"column":4}},"line":90},"13":{"name":"(anonymous_13)","decl":{"start":{"line":97,"column":26},"end":{"line":97,"column":27}},"loc":{"start":{"line":98,"column":2},"end":{"line":103,"column":4}},"line":98},"14":{"name":"(anonymous_14)","decl":{"start":{"line":105,"column":25},"end":{"line":105,"column":26}},"loc":{"start":{"line":106,"column":2},"end":{"line":111,"column":4}},"line":106},"15":{"name":"(anonymous_15)","decl":{"start":{"line":121,"column":2},"end":{"line":121,"column":3}},"loc":{"start":{"line":121,"column":13},"end":{"line":121,"column":32}},"line":121},"16":{"name":"(anonymous_16)","decl":{"start":{"line":122,"column":2},"end":{"line":122,"column":3}},"loc":{"start":{"line":122,"column":13},"end":{"line":122,"column":36}},"line":122},"17":{"name":"(anonymous_17)","decl":{"start":{"line":123,"column":2},"end":{"line":123,"column":3}},"loc":{"start":{"line":123,"column":22},"end":{"line":123,"column":62}},"line":123},"18":{"name":"(anonymous_18)","decl":{"start":{"line":123,"column":39},"end":{"line":123,"column":40}},"loc":{"start":{"line":123,"column":48},"end":{"line":123,"column":61}},"line":123},"19":{"name":"(anonymous_19)","decl":{"start":{"line":128,"column":31},"end":{"line":128,"column":32}},"loc":{"start":{"line":129,"column":2},"end":{"line":132,"column":3}},"line":129},"20":{"name":"(anonymous_20)","decl":{"start":{"line":130,"column":4},"end":{"line":130,"column":5}},"loc":{"start":{"line":130,"column":15},"end":{"line":130,"column":34}},"line":130},"21":{"name":"(anonymous_21)","decl":{"start":{"line":131,"column":4},"end":{"line":131,"column":5}},"loc":{"start":{"line":131,"column":14},"end":{"line":131,"column":62}},"line":131},"22":{"name":"(anonymous_22)","decl":{"start":{"line":131,"column":31},"end":{"line":131,"column":32}},"loc":{"start":{"line":131,"column":40},"end":{"line":131,"column":61}},"line":131}},"branchMap":{"0":{"loc":{"start":{"line":32,"column":6},"end":{"line":34,"column":7}},"type":"if","locations":[{"start":{"line":32,"column":6},"end":{"line":34,"column":7}},{"start":{},"end":{}}],"line":32},"1":{"loc":{"start":{"line":38,"column":6},"end":{"line":40,"column":7}},"type":"if","locations":[{"start":{"line":38,"column":6},"end":{"line":40,"column":7}},{"start":{},"end":{}}],"line":38},"2":{"loc":{"start":{"line":76,"column":2},"end":{"line":78,"column":3}},"type":"if","locations":[{"start":{"line":76,"column":2},"end":{"line":78,"column":3}},{"start":{},"end":{}}],"line":76}},"s":{"0":1,"1":3,"2":1,"3":1,"4":1,"5":0,"6":0,"7":0,"8":0,"9":0,"10":0,"11":0,"12":0,"13":4,"14":4,"15":4,"16":5,"17":1,"18":1,"19":1,"20":1,"21":6,"22":6,"23":6,"24":6,"25":1,"26":5,"27":1,"28":5,"29":1,"30":2,"31":1,"32":0,"33":1,"34":1,"35":1,"36":1,"37":3,"38":1,"39":0,"40":0,"41":0,"42":0},"f":{"0":3,"1":1,"2":1,"3":0,"4":0,"5":0,"6":0,"7":4,"8":5,"9":1,"10":6,"11":6,"12":5,"13":2,"14":0,"15":1,"16":1,"17":1,"18":3,"19":0,"20":0,"21":0,"22":0},"b":{"0":[0,0],"1":[0,0],"2":[1,5]},"_coverageSchema":"1a1c01bbd47fc00a2c39e90264f33305004495a9","hash":"6e14636b01306697ec643dd13830de83f455df5a"}
,"/Users/franklinvelasquezfuentes/Documents/ReactNative/redux-starter/src/using-reduxtoolkit/configureStore.js": {"path":"/Users/franklinvelasquezfuentes/Documents/ReactNative/redux-starter/src/using-reduxtoolkit/configureStore.js","statementMap":{"0":{"start":{"line":15,"column":16},"end":{"line":24,"column":4}},"1":{"start":{"line":25,"column":2},"end":{"line":25,"column":15}}},"fnMap":{"0":{"name":"(anonymous_0)","decl":{"start":{"line":10,"column":15},"end":{"line":10,"column":16}},"loc":{"start":{"line":10,"column":27},"end":{"line":26,"column":1}},"line":10}},"branchMap":{},"s":{"0":10,"1":10},"f":{"0":10},"b":{},"_coverageSchema":"1a1c01bbd47fc00a2c39e90264f33305004495a9","hash":"8725c87050b398b49710cbe1703c523973095f95"}
,"/Users/franklinvelasquezfuentes/Documents/ReactNative/redux-starter/src/using-reduxtoolkit/entities.js": {"path":"/Users/franklinvelasquezfuentes/Documents/ReactNative/redux-starter/src/using-reduxtoolkit/entities.js","statementMap":{},"fnMap":{},"branchMap":{},"s":{},"f":{},"b":{},"_coverageSchema":"1a1c01bbd47fc00a2c39e90264f33305004495a9","hash":"9d8001974be7813997c3e7a74564faa975bc3975"}
,"/Users/franklinvelasquezfuentes/Documents/ReactNative/redux-starter/src/using-reduxtoolkit/projects.js": {"path":"/Users/franklinvelasquezfuentes/Documents/ReactNative/redux-starter/src/using-reduxtoolkit/projects.js","statementMap":{"0":{"start":{"line":3,"column":13},"end":{"line":3,"column":14}},"1":{"start":{"line":5,"column":14},"end":{"line":24,"column":2}},"2":{"start":{"line":10,"column":6},"end":{"line":13,"column":9}},"3":{"start":{"line":16,"column":20},"end":{"line":18,"column":7}},"4":{"start":{"line":17,"column":21},"end":{"line":17,"column":53}},"5":{"start":{"line":19,"column":6},"end":{"line":21,"column":7}},"6":{"start":{"line":20,"column":8},"end":{"line":20,"column":34}},"7":{"start":{"line":26,"column":48},"end":{"line":26,"column":61}}},"fnMap":{"0":{"name":"(anonymous_0)","decl":{"start":{"line":9,"column":18},"end":{"line":9,"column":19}},"loc":{"start":{"line":9,"column":40},"end":{"line":14,"column":5}},"line":9},"1":{"name":"(anonymous_1)","decl":{"start":{"line":15,"column":20},"end":{"line":15,"column":21}},"loc":{"start":{"line":15,"column":42},"end":{"line":22,"column":5}},"line":15},"2":{"name":"(anonymous_2)","decl":{"start":{"line":17,"column":8},"end":{"line":17,"column":9}},"loc":{"start":{"line":17,"column":21},"end":{"line":17,"column":53}},"line":17}},"branchMap":{"0":{"loc":{"start":{"line":19,"column":6},"end":{"line":21,"column":7}},"type":"if","locations":[{"start":{"line":19,"column":6},"end":{"line":21,"column":7}},{"start":{},"end":{}}],"line":19}},"s":{"0":1,"1":1,"2":0,"3":0,"4":0,"5":0,"6":0,"7":1},"f":{"0":0,"1":0,"2":0},"b":{"0":[0,0]},"_coverageSchema":"1a1c01bbd47fc00a2c39e90264f33305004495a9","hash":"5e00cbca2048523d955015f55bcff9e0f89c2fdc"}
,"/Users/franklinvelasquezfuentes/Documents/ReactNative/redux-starter/src/using-reduxtoolkit/reducer.js": {"path":"/Users/franklinvelasquezfuentes/Documents/ReactNative/redux-starter/src/using-reduxtoolkit/reducer.js","statementMap":{},"fnMap":{},"branchMap":{},"s":{},"f":{},"b":{},"_coverageSchema":"1a1c01bbd47fc00a2c39e90264f33305004495a9","hash":"7fb633e596dbddf5b08f15ebb3f512746b9f6a93"}
,"/Users/franklinvelasquezfuentes/Documents/ReactNative/redux-starter/src/using-reduxtoolkit/users.js": {"path":"/Users/franklinvelasquezfuentes/Documents/ReactNative/redux-starter/src/using-reduxtoolkit/users.js","statementMap":{"0":{"start":{"line":3,"column":13},"end":{"line":3,"column":14}},"1":{"start":{"line":5,"column":14},"end":{"line":17,"column":2}},"2":{"start":{"line":10,"column":15},"end":{"line":10,"column":23}},"3":{"start":{"line":11,"column":6},"end":{"line":14,"column":8}},"4":{"start":{"line":19,"column":29},"end":{"line":19,"column":42}}},"fnMap":{"0":{"name":"(anonymous_0)","decl":{"start":{"line":9,"column":15},"end":{"line":9,"column":16}},"loc":{"start":{"line":9,"column":34},"end":{"line":15,"column":5}},"line":9}},"branchMap":{},"s":{"0":1,"1":1,"2":0,"3":0,"4":1},"f":{"0":0},"b":{},"_coverageSchema":"1a1c01bbd47fc00a2c39e90264f33305004495a9","hash":"aaa24d118a3e4d826eb8eb93939271578b6b1301"}
,"/Users/franklinvelasquezfuentes/Documents/ReactNative/redux-starter/src/using-reduxtoolkit/middleware/api.js": {"path":"/Users/franklinvelasquezfuentes/Documents/ReactNative/redux-starter/src/using-reduxtoolkit/middleware/api.js","statementMap":{"0":{"start":{"line":19,"column":2},"end":{"line":54,"column":3}},"1":{"start":{"line":20,"column":2},"end":{"line":54,"column":3}},"2":{"start":{"line":21,"column":2},"end":{"line":54,"column":3}},"3":{"start":{"line":22,"column":4},"end":{"line":22,"column":71}},"4":{"start":{"line":22,"column":51},"end":{"line":22,"column":71}},"5":{"start":{"line":25,"column":63},"end":{"line":25,"column":77}},"6":{"start":{"line":27,"column":4},"end":{"line":29,"column":5}},"7":{"start":{"line":28,"column":6},"end":{"line":28,"column":34}},"8":{"start":{"line":31,"column":4},"end":{"line":31,"column":17}},"9":{"start":{"line":33,"column":4},"end":{"line":53,"column":5}},"10":{"start":{"line":34,"column":23},"end":{"line":39,"column":8}},"11":{"start":{"line":41,"column":6},"end":{"line":41,"column":54}},"12":{"start":{"line":43,"column":6},"end":{"line":45,"column":7}},"13":{"start":{"line":44,"column":8},"end":{"line":44,"column":62}},"14":{"start":{"line":48,"column":6},"end":{"line":48,"column":53}},"15":{"start":{"line":50,"column":6},"end":{"line":52,"column":7}},"16":{"start":{"line":51,"column":8},"end":{"line":51,"column":60}}},"fnMap":{"0":{"name":"(anonymous_0)","decl":{"start":{"line":19,"column":2},"end":{"line":19,"column":3}},"loc":{"start":{"line":20,"column":2},"end":{"line":54,"column":3}},"line":20},"1":{"name":"(anonymous_1)","decl":{"start":{"line":20,"column":2},"end":{"line":20,"column":3}},"loc":{"start":{"line":21,"column":2},"end":{"line":54,"column":3}},"line":21},"2":{"name":"(anonymous_2)","decl":{"start":{"line":21,"column":2},"end":{"line":21,"column":3}},"loc":{"start":{"line":21,"column":20},"end":{"line":54,"column":3}},"line":21}},"branchMap":{"0":{"loc":{"start":{"line":22,"column":4},"end":{"line":22,"column":71}},"type":"if","locations":[{"start":{"line":22,"column":4},"end":{"line":22,"column":71}},{"start":{},"end":{}}],"line":22},"1":{"loc":{"start":{"line":27,"column":4},"end":{"line":29,"column":5}},"type":"if","locations":[{"start":{"line":27,"column":4},"end":{"line":29,"column":5}},{"start":{},"end":{}}],"line":27},"2":{"loc":{"start":{"line":43,"column":6},"end":{"line":45,"column":7}},"type":"if","locations":[{"start":{"line":43,"column":6},"end":{"line":45,"column":7}},{"start":{},"end":{}}],"line":43},"3":{"loc":{"start":{"line":50,"column":6},"end":{"line":52,"column":7}},"type":"if","locations":[{"start":{"line":50,"column":6},"end":{"line":52,"column":7}},{"start":{},"end":{}}],"line":50}},"s":{"0":1,"1":10,"2":10,"3":36,"4":25,"5":11,"6":11,"7":5,"8":11,"9":11,"10":11,"11":8,"12":8,"13":8,"14":3,"15":3,"16":1},"f":{"0":10,"1":10,"2":36},"b":{"0":[25,11],"1":[5,6],"2":[8,0],"3":[1,2]},"_coverageSchema":"1a1c01bbd47fc00a2c39e90264f33305004495a9","hash":"7c32dbe8aa1c85ace663ca64520e3642e57e280d"}
,"/Users/franklinvelasquezfuentes/Documents/ReactNative/redux-starter/src/using-reduxtoolkit/middleware/errorToast.js": {"path":"/Users/franklinvelasquezfuentes/Documents/ReactNative/redux-starter/src/using-reduxtoolkit/middleware/errorToast.js","statementMap":{"0":{"start":{"line":3,"column":19},"end":{"line":9,"column":1}},"1":{"start":{"line":3,"column":30},"end":{"line":9,"column":1}},"2":{"start":{"line":3,"column":40},"end":{"line":9,"column":1}},"3":{"start":{"line":4,"column":2},"end":{"line":8,"column":3}},"4":{"start":{"line":5,"column":4},"end":{"line":5,"column":55}},"5":{"start":{"line":7,"column":4},"end":{"line":7,"column":24}}},"fnMap":{"0":{"name":"(anonymous_0)","decl":{"start":{"line":3,"column":19},"end":{"line":3,"column":20}},"loc":{"start":{"line":3,"column":30},"end":{"line":9,"column":1}},"line":3},"1":{"name":"(anonymous_1)","decl":{"start":{"line":3,"column":30},"end":{"line":3,"column":31}},"loc":{"start":{"line":3,"column":40},"end":{"line":9,"column":1}},"line":3},"2":{"name":"(anonymous_2)","decl":{"start":{"line":3,"column":40},"end":{"line":3,"column":41}},"loc":{"start":{"line":3,"column":52},"end":{"line":9,"column":1}},"line":3}},"branchMap":{"0":{"loc":{"start":{"line":4,"column":2},"end":{"line":8,"column":3}},"type":"if","locations":[{"start":{"line":4,"column":2},"end":{"line":8,"column":3}},{"start":{"line":6,"column":9},"end":{"line":8,"column":3}}],"line":4}},"s":{"0":1,"1":10,"2":10,"3":36,"4":0,"5":36},"f":{"0":10,"1":10,"2":36},"b":{"0":[0,36]},"_coverageSchema":"1a1c01bbd47fc00a2c39e90264f33305004495a9","hash":"d7e1d2d49d75890a17a354f4e0952bf0c88f27cb"}
,"/Users/franklinvelasquezfuentes/Documents/ReactNative/redux-starter/src/using-reduxtoolkit/middleware/func.js": {"path":"/Users/franklinvelasquezfuentes/Documents/ReactNative/redux-starter/src/using-reduxtoolkit/middleware/func.js","statementMap":{"0":{"start":{"line":7,"column":2},"end":{"line":15,"column":3}},"1":{"start":{"line":8,"column":2},"end":{"line":15,"column":3}},"2":{"start":{"line":9,"column":2},"end":{"line":15,"column":3}},"3":{"start":{"line":10,"column":4},"end":{"line":14,"column":5}},"4":{"start":{"line":11,"column":6},"end":{"line":11,"column":33}},"5":{"start":{"line":13,"column":6},"end":{"line":13,"column":19}}},"fnMap":{"0":{"name":"(anonymous_0)","decl":{"start":{"line":7,"column":2},"end":{"line":7,"column":3}},"loc":{"start":{"line":8,"column":2},"end":{"line":15,"column":3}},"line":8},"1":{"name":"(anonymous_1)","decl":{"start":{"line":8,"column":2},"end":{"line":8,"column":3}},"loc":{"start":{"line":9,"column":2},"end":{"line":15,"column":3}},"line":9},"2":{"name":"(anonymous_2)","decl":{"start":{"line":9,"column":2},"end":{"line":9,"column":3}},"loc":{"start":{"line":9,"column":14},"end":{"line":15,"column":3}},"line":9}},"branchMap":{"0":{"loc":{"start":{"line":10,"column":4},"end":{"line":14,"column":5}},"type":"if","locations":[{"start":{"line":10,"column":4},"end":{"line":14,"column":5}},{"start":{"line":12,"column":11},"end":{"line":14,"column":5}}],"line":10}},"s":{"0":1,"1":0,"2":0,"3":0,"4":0,"5":0},"f":{"0":0,"1":0,"2":0},"b":{"0":[0,0]},"_coverageSchema":"1a1c01bbd47fc00a2c39e90264f33305004495a9","hash":"efe0d60cacbbe590788a1a38371e9188a40dfc03"}
,"/Users/franklinvelasquezfuentes/Documents/ReactNative/redux-starter/src/using-reduxtoolkit/middleware/logger.js": {"path":"/Users/franklinvelasquezfuentes/Documents/ReactNative/redux-starter/src/using-reduxtoolkit/middleware/logger.js","statementMap":{"0":{"start":{"line":4,"column":15},"end":{"line":7,"column":1}},"1":{"start":{"line":4,"column":26},"end":{"line":7,"column":1}},"2":{"start":{"line":4,"column":37},"end":{"line":7,"column":1}},"3":{"start":{"line":4,"column":47},"end":{"line":7,"column":1}},"4":{"start":{"line":5,"column":2},"end":{"line":5,"column":30}},"5":{"start":{"line":6,"column":2},"end":{"line":6,"column":22}}},"fnMap":{"0":{"name":"(anonymous_0)","decl":{"start":{"line":4,"column":15},"end":{"line":4,"column":16}},"loc":{"start":{"line":4,"column":26},"end":{"line":7,"column":1}},"line":4},"1":{"name":"(anonymous_1)","decl":{"start":{"line":4,"column":26},"end":{"line":4,"column":27}},"loc":{"start":{"line":4,"column":37},"end":{"line":7,"column":1}},"line":4},"2":{"name":"(anonymous_2)","decl":{"start":{"line":4,"column":37},"end":{"line":4,"column":38}},"loc":{"start":{"line":4,"column":47},"end":{"line":7,"column":1}},"line":4},"3":{"name":"(anonymous_3)","decl":{"start":{"line":4,"column":47},"end":{"line":4,"column":48}},"loc":{"start":{"line":4,"column":59},"end":{"line":7,"column":1}},"line":4}},"branchMap":{},"s":{"0":1,"1":0,"2":0,"3":0,"4":0,"5":0},"f":{"0":0,"1":0,"2":0,"3":0},"b":{},"_coverageSchema":"1a1c01bbd47fc00a2c39e90264f33305004495a9","hash":"75c1567da96fca93e26ce190430e242794e0b9e4"}
}
